2021-07-22 14:27:48 INFO  main StartupInfoLogger - Starting YtlApplication using Java 1.8.0_291 on LTB0225291 with PID 1524 (C:\Users\b0225291\Desktop\API Learning\spring-boot-learner\target\classes started by B0225291 in C:\Users\b0225291\Desktop\API Learning\spring-boot-learner)
2021-07-22 14:27:48 INFO  main SpringApplication - No active profile set, falling back to default profiles: default
2021-07-22 14:27:49 INFO  main TomcatWebServer - Tomcat initialized with port(s): 8080 (http)
2021-07-22 14:27:49 INFO  main DirectJDKLog - Initializing ProtocolHandler ["http-nio-8080"]
2021-07-22 14:27:49 INFO  main DirectJDKLog - Starting service [Tomcat]
2021-07-22 14:27:49 INFO  main DirectJDKLog - Starting Servlet engine: [Apache Tomcat/9.0.48]
2021-07-22 14:27:49 INFO  main DirectJDKLog - Initializing Spring embedded WebApplicationContext
2021-07-22 14:27:49 INFO  main ServletWebServerApplicationContext - Root WebApplicationContext: initialization completed in 805 ms
2021-07-22 14:27:49 INFO  main DirectJDKLog - Starting ProtocolHandler ["http-nio-8080"]
2021-07-22 14:27:49 INFO  main TomcatWebServer - Tomcat started on port(s): 8080 (http) with context path ''
2021-07-22 14:27:49 INFO  main StartupInfoLogger - Started YtlApplication in 1.603 seconds (JVM running for 2.879)
2021-07-22 14:28:36 INFO  http-nio-8080-exec-1 DirectJDKLog - Initializing Spring DispatcherServlet 'dispatcherServlet'
2021-07-22 14:28:36 INFO  http-nio-8080-exec-1 FrameworkServlet - Initializing Servlet 'dispatcherServlet'
2021-07-22 14:28:36 INFO  http-nio-8080-exec-1 FrameworkServlet - Completed initialization in 1 ms
2021-07-22 14:28:36 INFO  http-nio-8080-exec-1 FileWriterClass - Data is saved successfully
2021-07-22 14:38:10 ERROR main SpringApplication - Application run failed
java.lang.IllegalStateException: java.lang.IllegalStateException: Logback configuration error detected: 
ERROR in ch.qos.logback.core.joran.action.NestedComplexPropertyIA - Could not create component [layout] of type [ch.qos.log-back.classic.PatternLayout] java.lang.ClassNotFoundException: ch.qos.log-back.classic.PatternLayout
ERROR in ch.qos.logback.core.joran.spi.Interpreter@6:22 - no applicable action for [pattern], current ElementPath  is [[configuration][appender][layout][pattern]]
ERROR in ch.qos.logback.core.ConsoleAppender[STDOUT] - No encoder set for the appender named "STDOUT".
	at org.springframework.boot.context.logging.LoggingApplicationListener.initializeSystem(LoggingApplicationListener.java:328)
	at org.springframework.boot.context.logging.LoggingApplicationListener.initialize(LoggingApplicationListener.java:282)
	at org.springframework.boot.context.logging.LoggingApplicationListener.onApplicationEnvironmentPreparedEvent(LoggingApplicationListener.java:240)
	at org.springframework.boot.context.logging.LoggingApplicationListener.onApplicationEvent(LoggingApplicationListener.java:216)
	at org.springframework.context.event.SimpleApplicationEventMulticaster.doInvokeListener(SimpleApplicationEventMulticaster.java:176)
	at org.springframework.context.event.SimpleApplicationEventMulticaster.invokeListener(SimpleApplicationEventMulticaster.java:169)
	at org.springframework.context.event.SimpleApplicationEventMulticaster.multicastEvent(SimpleApplicationEventMulticaster.java:143)
	at org.springframework.context.event.SimpleApplicationEventMulticaster.multicastEvent(SimpleApplicationEventMulticaster.java:131)
	at org.springframework.boot.context.event.EventPublishingRunListener.environmentPrepared(EventPublishingRunListener.java:82)
	at org.springframework.boot.SpringApplicationRunListeners.lambda$environmentPrepared$2(SpringApplicationRunListeners.java:63)
	at java.util.ArrayList.forEach(ArrayList.java:1259)
	at org.springframework.boot.SpringApplicationRunListeners.doWithListeners(SpringApplicationRunListeners.java:117)
	at org.springframework.boot.SpringApplicationRunListeners.doWithListeners(SpringApplicationRunListeners.java:111)
	at org.springframework.boot.SpringApplicationRunListeners.environmentPrepared(SpringApplicationRunListeners.java:62)
	at org.springframework.boot.SpringApplication.prepareEnvironment(SpringApplication.java:374)
	at org.springframework.boot.SpringApplication.run(SpringApplication.java:332)
	at org.springframework.boot.SpringApplication.run(SpringApplication.java:1343)
	at org.springframework.boot.SpringApplication.run(SpringApplication.java:1332)
	at com.airtel.ytl.YtlApplication.main(YtlApplication.java:14)
Caused by: java.lang.IllegalStateException: Logback configuration error detected: 
ERROR in ch.qos.logback.core.joran.action.NestedComplexPropertyIA - Could not create component [layout] of type [ch.qos.log-back.classic.PatternLayout] java.lang.ClassNotFoundException: ch.qos.log-back.classic.PatternLayout
ERROR in ch.qos.logback.core.joran.spi.Interpreter@6:22 - no applicable action for [pattern], current ElementPath  is [[configuration][appender][layout][pattern]]
ERROR in ch.qos.logback.core.ConsoleAppender[STDOUT] - No encoder set for the appender named "STDOUT".
	at org.springframework.boot.logging.logback.LogbackLoggingSystem.loadConfiguration(LogbackLoggingSystem.java:179)
	at org.springframework.boot.logging.logback.LogbackLoggingSystem.reinitialize(LogbackLoggingSystem.java:232)
	at org.springframework.boot.logging.AbstractLoggingSystem.initializeWithConventions(AbstractLoggingSystem.java:73)
	at org.springframework.boot.logging.AbstractLoggingSystem.initialize(AbstractLoggingSystem.java:60)
	at org.springframework.boot.logging.logback.LogbackLoggingSystem.initialize(LogbackLoggingSystem.java:132)
	at org.springframework.boot.context.logging.LoggingApplicationListener.initializeSystem(LoggingApplicationListener.java:313)
	... 18 common frames omitted
2021-07-22 14:38:22 INFO  main StartupInfoLogger - Starting YtlApplication using Java 1.8.0_291 on LTB0225291 with PID 10244 (C:\Users\b0225291\Desktop\API Learning\spring-boot-learner\target\classes started by B0225291 in C:\Users\b0225291\Desktop\API Learning\spring-boot-learner)
2021-07-22 14:38:22 INFO  main SpringApplication - No active profile set, falling back to default profiles: default
2021-07-22 14:38:23 INFO  main TomcatWebServer - Tomcat initialized with port(s): 8080 (http)
2021-07-22 14:38:23 INFO  main DirectJDKLog - Initializing ProtocolHandler ["http-nio-8080"]
2021-07-22 14:38:23 INFO  main DirectJDKLog - Starting service [Tomcat]
2021-07-22 14:38:23 INFO  main DirectJDKLog - Starting Servlet engine: [Apache Tomcat/9.0.48]
2021-07-22 14:38:23 INFO  main DirectJDKLog - Initializing Spring embedded WebApplicationContext
2021-07-22 14:38:23 INFO  main ServletWebServerApplicationContext - Root WebApplicationContext: initialization completed in 830 ms
2021-07-22 14:38:23 INFO  main DirectJDKLog - Starting ProtocolHandler ["http-nio-8080"]
2021-07-22 14:38:23 INFO  main TomcatWebServer - Tomcat started on port(s): 8080 (http) with context path ''
2021-07-22 14:38:23 INFO  main StartupInfoLogger - Started YtlApplication in 1.694 seconds (JVM running for 2.546)
2021-07-22 14:38:37 INFO  http-nio-8080-exec-1 DirectJDKLog - Initializing Spring DispatcherServlet 'dispatcherServlet'
2021-07-22 14:38:37 INFO  http-nio-8080-exec-1 FrameworkServlet - Initializing Servlet 'dispatcherServlet'
2021-07-22 14:38:37 INFO  http-nio-8080-exec-1 FrameworkServlet - Completed initialization in 0 ms
2021-07-22 14:38:37 INFO  http-nio-8080-exec-1 FileWriterClass - Data is saved successfully
