2021-07-21 18:12:48 INFO  main StartupInfoLogger - Starting YtlApplication using Java 11.0.11 on ltb0224049-mac with PID 4105 (/Users/b0224049/code.airtelworld.in/ytl/target/classes started by b0224049 in /Users/b0224049/code.airtelworld.in/ytl)
2021-07-21 18:12:48 INFO  main SpringApplication - No active profile set, falling back to default profiles: default
2021-07-21 18:12:49 INFO  main TomcatWebServer - Tomcat initialized with port(s): 8080 (http)
2021-07-21 18:12:49 INFO  main DirectJDKLog - Initializing ProtocolHandler ["http-nio-8080"]
2021-07-21 18:12:49 INFO  main DirectJDKLog - Starting service [Tomcat]
2021-07-21 18:12:49 INFO  main DirectJDKLog - Starting Servlet engine: [Apache Tomcat/9.0.48]
2021-07-21 18:12:49 INFO  main DirectJDKLog - Initializing Spring embedded WebApplicationContext
2021-07-21 18:12:49 INFO  main ServletWebServerApplicationContext - Root WebApplicationContext: initialization completed in 1011 ms
2021-07-21 18:12:49 INFO  main DirectJDKLog - Starting ProtocolHandler ["http-nio-8080"]
2021-07-21 18:12:49 INFO  main TomcatWebServer - Tomcat started on port(s): 8080 (http) with context path ''
2021-07-21 18:12:50 INFO  main StartupInfoLogger - Started YtlApplication in 2.084 seconds (JVM running for 3.469)
2021-07-21 18:13:01 INFO  main StartupInfoLogger - Starting YtlApplication using Java 11.0.11 on ltb0224049-mac with PID 4122 (/Users/b0224049/code.airtelworld.in/ytl/target/classes started by b0224049 in /Users/b0224049/code.airtelworld.in/ytl)
2021-07-21 18:13:01 INFO  main SpringApplication - No active profile set, falling back to default profiles: default
2021-07-21 18:13:02 INFO  main TomcatWebServer - Tomcat initialized with port(s): 8080 (http)
2021-07-21 18:13:02 INFO  main DirectJDKLog - Initializing ProtocolHandler ["http-nio-8080"]
2021-07-21 18:13:02 INFO  main DirectJDKLog - Starting service [Tomcat]
2021-07-21 18:13:02 INFO  main DirectJDKLog - Starting Servlet engine: [Apache Tomcat/9.0.48]
2021-07-21 18:13:02 INFO  main DirectJDKLog - Initializing Spring embedded WebApplicationContext
2021-07-21 18:13:02 INFO  main ServletWebServerApplicationContext - Root WebApplicationContext: initialization completed in 1045 ms
2021-07-21 18:13:02 INFO  main DirectJDKLog - Starting ProtocolHandler ["http-nio-8080"]
2021-07-21 18:13:02 INFO  main TomcatWebServer - Tomcat started on port(s): 8080 (http) with context path ''
2021-07-21 18:13:02 INFO  main StartupInfoLogger - Started YtlApplication in 2.112 seconds (JVM running for 2.991)
2021-07-21 18:13:14 INFO  http-nio-8080-exec-1 DirectJDKLog - Initializing Spring DispatcherServlet 'dispatcherServlet'
2021-07-21 18:13:14 INFO  http-nio-8080-exec-1 FrameworkServlet - Initializing Servlet 'dispatcherServlet'
2021-07-21 18:13:14 INFO  http-nio-8080-exec-1 FrameworkServlet - Completed initialization in 4 ms
2021-07-21 18:13:14 INFO  http-nio-8080-exec-1 HomeController - Hit came at ping API
