2021-07-23 11:09:23 INFO  main StartupInfoLogger - Starting YtlApplication using Java 1.8.0_291 on LTB0225291 with PID 3780 (C:\Users\b0225291\Desktop\API Learning\spring-boot-learner\target\classes started by B0225291 in C:\Users\b0225291\Desktop\API Learning\spring-boot-learner)
2021-07-23 11:09:23 INFO  main SpringApplication - No active profile set, falling back to default profiles: default
2021-07-23 11:09:26 INFO  main TomcatWebServer - Tomcat initialized with port(s): 8080 (http)
2021-07-23 11:09:26 INFO  main DirectJDKLog - Initializing ProtocolHandler ["http-nio-8080"]
2021-07-23 11:09:26 INFO  main DirectJDKLog - Starting service [Tomcat]
2021-07-23 11:09:26 INFO  main DirectJDKLog - Starting Servlet engine: [Apache Tomcat/9.0.48]
2021-07-23 11:09:27 INFO  main DirectJDKLog - Initializing Spring embedded WebApplicationContext
2021-07-23 11:09:27 INFO  main ServletWebServerApplicationContext - Root WebApplicationContext: initialization completed in 3377 ms
2021-07-23 11:09:27 INFO  main DirectJDKLog - Starting ProtocolHandler ["http-nio-8080"]
2021-07-23 11:09:27 INFO  main TomcatWebServer - Tomcat started on port(s): 8080 (http) with context path ''
2021-07-23 11:09:27 INFO  main StartupInfoLogger - Started YtlApplication in 5.654 seconds (JVM running for 10.53)
2021-07-23 11:09:43 INFO  http-nio-8080-exec-2 DirectJDKLog - Initializing Spring DispatcherServlet 'dispatcherServlet'
2021-07-23 11:09:43 INFO  http-nio-8080-exec-2 FrameworkServlet - Initializing Servlet 'dispatcherServlet'
2021-07-23 11:09:43 INFO  http-nio-8080-exec-2 FrameworkServlet - Completed initialization in 1 ms
2021-07-23 11:09:43 ERROR http-nio-8080-exec-2 DirectJDKLog - Servlet.service() for servlet [dispatcherServlet] in context with path [] threw exception [Request processing failed; nested exception is java.lang.IllegalArgumentException: Content-Type cannot contain wildcard type '*'] with root cause
java.lang.IllegalArgumentException: Content-Type cannot contain wildcard type '*'
	at org.springframework.util.Assert.isTrue(Assert.java:121)
	at org.springframework.http.HttpHeaders.setContentType(HttpHeaders.java:975)
	at org.springframework.http.server.ServletServerHttpRequest.getHeaders(ServletServerHttpRequest.java:172)
	at org.springframework.web.servlet.mvc.method.annotation.AbstractMessageConverterMethodArgumentResolver.readWithMessageConverters(AbstractMessageConverterMethodArgumentResolver.java:152)
	at org.springframework.web.servlet.mvc.method.annotation.RequestResponseBodyMethodProcessor.readWithMessageConverters(RequestResponseBodyMethodProcessor.java:158)
	at org.springframework.web.servlet.mvc.method.annotation.RequestResponseBodyMethodProcessor.resolveArgument(RequestResponseBodyMethodProcessor.java:131)
	at org.springframework.web.method.support.HandlerMethodArgumentResolverComposite.resolveArgument(HandlerMethodArgumentResolverComposite.java:121)
	at org.springframework.web.method.support.InvocableHandlerMethod.getMethodArgumentValues(InvocableHandlerMethod.java:170)
	at org.springframework.web.method.support.InvocableHandlerMethod.invokeForRequest(InvocableHandlerMethod.java:137)
	at org.springframework.web.servlet.mvc.method.annotation.ServletInvocableHandlerMethod.invokeAndHandle(ServletInvocableHandlerMethod.java:106)
	at org.springframework.web.servlet.mvc.method.annotation.RequestMappingHandlerAdapter.invokeHandlerMethod(RequestMappingHandlerAdapter.java:894)
	at org.springframework.web.servlet.mvc.method.annotation.RequestMappingHandlerAdapter.handleInternal(RequestMappingHandlerAdapter.java:808)
	at org.springframework.web.servlet.mvc.method.AbstractHandlerMethodAdapter.handle(AbstractHandlerMethodAdapter.java:87)
	at org.springframework.web.servlet.DispatcherServlet.doDispatch(DispatcherServlet.java:1063)
	at org.springframework.web.servlet.DispatcherServlet.doService(DispatcherServlet.java:963)
	at org.springframework.web.servlet.FrameworkServlet.processRequest(FrameworkServlet.java:1006)
	at org.springframework.web.servlet.FrameworkServlet.doPost(FrameworkServlet.java:909)
	at javax.servlet.http.HttpServlet.service(HttpServlet.java:681)
	at org.springframework.web.servlet.FrameworkServlet.service(FrameworkServlet.java:883)
	at javax.servlet.http.HttpServlet.service(HttpServlet.java:764)
	at org.apache.catalina.core.ApplicationFilterChain.internalDoFilter(ApplicationFilterChain.java:228)
	at org.apache.catalina.core.ApplicationFilterChain.doFilter(ApplicationFilterChain.java:163)
	at org.apache.tomcat.websocket.server.WsFilter.doFilter(WsFilter.java:53)
	at org.apache.catalina.core.ApplicationFilterChain.internalDoFilter(ApplicationFilterChain.java:190)
	at org.apache.catalina.core.ApplicationFilterChain.doFilter(ApplicationFilterChain.java:163)
	at org.springframework.web.filter.RequestContextFilter.doFilterInternal(RequestContextFilter.java:100)
	at org.springframework.web.filter.OncePerRequestFilter.doFilter(OncePerRequestFilter.java:119)
	at org.apache.catalina.core.ApplicationFilterChain.internalDoFilter(ApplicationFilterChain.java:190)
	at org.apache.catalina.core.ApplicationFilterChain.doFilter(ApplicationFilterChain.java:163)
	at org.springframework.web.filter.FormContentFilter.doFilterInternal(FormContentFilter.java:93)
	at org.springframework.web.filter.OncePerRequestFilter.doFilter(OncePerRequestFilter.java:119)
	at org.apache.catalina.core.ApplicationFilterChain.internalDoFilter(ApplicationFilterChain.java:190)
	at org.apache.catalina.core.ApplicationFilterChain.doFilter(ApplicationFilterChain.java:163)
	at org.springframework.web.filter.CharacterEncodingFilter.doFilterInternal(CharacterEncodingFilter.java:201)
	at org.springframework.web.filter.OncePerRequestFilter.doFilter(OncePerRequestFilter.java:119)
	at org.apache.catalina.core.ApplicationFilterChain.internalDoFilter(ApplicationFilterChain.java:190)
	at org.apache.catalina.core.ApplicationFilterChain.doFilter(ApplicationFilterChain.java:163)
	at org.apache.catalina.core.StandardWrapperValve.invoke(StandardWrapperValve.java:202)
	at org.apache.catalina.core.StandardContextValve.invoke(StandardContextValve.java:97)
	at org.apache.catalina.authenticator.AuthenticatorBase.invoke(AuthenticatorBase.java:542)
	at org.apache.catalina.core.StandardHostValve.invoke(StandardHostValve.java:143)
	at org.apache.catalina.valves.ErrorReportValve.invoke(ErrorReportValve.java:92)
	at org.apache.catalina.core.StandardEngineValve.invoke(StandardEngineValve.java:78)
	at org.apache.catalina.connector.CoyoteAdapter.service(CoyoteAdapter.java:357)
	at org.apache.coyote.http11.Http11Processor.service(Http11Processor.java:382)
	at org.apache.coyote.AbstractProcessorLight.process(AbstractProcessorLight.java:65)
	at org.apache.coyote.AbstractProtocol$ConnectionHandler.process(AbstractProtocol.java:893)
	at org.apache.tomcat.util.net.NioEndpoint$SocketProcessor.doRun(NioEndpoint.java:1723)
	at org.apache.tomcat.util.net.SocketProcessorBase.run(SocketProcessorBase.java:49)
	at java.util.concurrent.ThreadPoolExecutor.runWorker(ThreadPoolExecutor.java:1149)
	at java.util.concurrent.ThreadPoolExecutor$Worker.run(ThreadPoolExecutor.java:624)
	at org.apache.tomcat.util.threads.TaskThread$WrappingRunnable.run(TaskThread.java:61)
	at java.lang.Thread.run(Thread.java:748)
2021-07-23 11:10:17 WARN  http-nio-8080-exec-4 AbstractHandlerExceptionResolver - Resolved [org.springframework.web.HttpMediaTypeNotSupportedException: Content type 'application/xml;charset=UTF-8' not supported]
2021-07-23 11:10:49 WARN  http-nio-8080-exec-5 AbstractHandlerExceptionResolver - Resolved [org.springframework.web.HttpMediaTypeNotSupportedException: Content type 'application/xml;charset=UTF-8' not supported]
2021-07-23 11:14:39 INFO  main StartupInfoLogger - Starting YtlApplication using Java 1.8.0_291 on LTB0225291 with PID 17412 (C:\Users\b0225291\Desktop\API Learning\spring-boot-learner\target\classes started by B0225291 in C:\Users\b0225291\Desktop\API Learning\spring-boot-learner)
2021-07-23 11:14:39 INFO  main SpringApplication - No active profile set, falling back to default profiles: default
2021-07-23 11:14:40 INFO  main TomcatWebServer - Tomcat initialized with port(s): 8080 (http)
2021-07-23 11:14:40 INFO  main DirectJDKLog - Initializing ProtocolHandler ["http-nio-8080"]
2021-07-23 11:14:40 INFO  main DirectJDKLog - Starting service [Tomcat]
2021-07-23 11:14:40 INFO  main DirectJDKLog - Starting Servlet engine: [Apache Tomcat/9.0.48]
2021-07-23 11:14:40 INFO  main DirectJDKLog - Initializing Spring embedded WebApplicationContext
2021-07-23 11:14:40 INFO  main ServletWebServerApplicationContext - Root WebApplicationContext: initialization completed in 1068 ms
2021-07-23 11:14:41 INFO  main DirectJDKLog - Starting ProtocolHandler ["http-nio-8080"]
2021-07-23 11:14:41 INFO  main TomcatWebServer - Tomcat started on port(s): 8080 (http) with context path ''
2021-07-23 11:14:41 INFO  main StartupInfoLogger - Started YtlApplication in 1.887 seconds (JVM running for 2.66)
2021-07-23 11:14:45 INFO  http-nio-8080-exec-3 DirectJDKLog - Initializing Spring DispatcherServlet 'dispatcherServlet'
2021-07-23 11:14:45 INFO  http-nio-8080-exec-3 FrameworkServlet - Initializing Servlet 'dispatcherServlet'
2021-07-23 11:14:45 INFO  http-nio-8080-exec-3 FrameworkServlet - Completed initialization in 1 ms
2021-07-23 11:14:45 ERROR http-nio-8080-exec-3 DirectJDKLog - Servlet.service() for servlet [dispatcherServlet] in context with path [] threw exception [Request processing failed; nested exception is java.lang.NullPointerException] with root cause
java.lang.NullPointerException: null
	at com.airtel.ytl.service.FileWriterClass.writeFile(FileWriterClass.java:23)
	at com.airtel.ytl.controller.HomeController.writeInFile(HomeController.java:78)
	at sun.reflect.NativeMethodAccessorImpl.invoke0(Native Method)
	at sun.reflect.NativeMethodAccessorImpl.invoke(NativeMethodAccessorImpl.java:62)
	at sun.reflect.DelegatingMethodAccessorImpl.invoke(DelegatingMethodAccessorImpl.java:43)
	at java.lang.reflect.Method.invoke(Method.java:498)
	at org.springframework.web.method.support.InvocableHandlerMethod.doInvoke(InvocableHandlerMethod.java:197)
	at org.springframework.web.method.support.InvocableHandlerMethod.invokeForRequest(InvocableHandlerMethod.java:141)
	at org.springframework.web.servlet.mvc.method.annotation.ServletInvocableHandlerMethod.invokeAndHandle(ServletInvocableHandlerMethod.java:106)
	at org.springframework.web.servlet.mvc.method.annotation.RequestMappingHandlerAdapter.invokeHandlerMethod(RequestMappingHandlerAdapter.java:894)
	at org.springframework.web.servlet.mvc.method.annotation.RequestMappingHandlerAdapter.handleInternal(RequestMappingHandlerAdapter.java:808)
	at org.springframework.web.servlet.mvc.method.AbstractHandlerMethodAdapter.handle(AbstractHandlerMethodAdapter.java:87)
	at org.springframework.web.servlet.DispatcherServlet.doDispatch(DispatcherServlet.java:1063)
	at org.springframework.web.servlet.DispatcherServlet.doService(DispatcherServlet.java:963)
	at org.springframework.web.servlet.FrameworkServlet.processRequest(FrameworkServlet.java:1006)
	at org.springframework.web.servlet.FrameworkServlet.doPost(FrameworkServlet.java:909)
	at javax.servlet.http.HttpServlet.service(HttpServlet.java:681)
	at org.springframework.web.servlet.FrameworkServlet.service(FrameworkServlet.java:883)
	at javax.servlet.http.HttpServlet.service(HttpServlet.java:764)
	at org.apache.catalina.core.ApplicationFilterChain.internalDoFilter(ApplicationFilterChain.java:228)
	at org.apache.catalina.core.ApplicationFilterChain.doFilter(ApplicationFilterChain.java:163)
	at org.apache.tomcat.websocket.server.WsFilter.doFilter(WsFilter.java:53)
	at org.apache.catalina.core.ApplicationFilterChain.internalDoFilter(ApplicationFilterChain.java:190)
	at org.apache.catalina.core.ApplicationFilterChain.doFilter(ApplicationFilterChain.java:163)
	at org.springframework.web.filter.RequestContextFilter.doFilterInternal(RequestContextFilter.java:100)
	at org.springframework.web.filter.OncePerRequestFilter.doFilter(OncePerRequestFilter.java:119)
	at org.apache.catalina.core.ApplicationFilterChain.internalDoFilter(ApplicationFilterChain.java:190)
	at org.apache.catalina.core.ApplicationFilterChain.doFilter(ApplicationFilterChain.java:163)
	at org.springframework.web.filter.FormContentFilter.doFilterInternal(FormContentFilter.java:93)
	at org.springframework.web.filter.OncePerRequestFilter.doFilter(OncePerRequestFilter.java:119)
	at org.apache.catalina.core.ApplicationFilterChain.internalDoFilter(ApplicationFilterChain.java:190)
	at org.apache.catalina.core.ApplicationFilterChain.doFilter(ApplicationFilterChain.java:163)
	at org.springframework.web.filter.CharacterEncodingFilter.doFilterInternal(CharacterEncodingFilter.java:201)
	at org.springframework.web.filter.OncePerRequestFilter.doFilter(OncePerRequestFilter.java:119)
	at org.apache.catalina.core.ApplicationFilterChain.internalDoFilter(ApplicationFilterChain.java:190)
	at org.apache.catalina.core.ApplicationFilterChain.doFilter(ApplicationFilterChain.java:163)
	at org.apache.catalina.core.StandardWrapperValve.invoke(StandardWrapperValve.java:202)
	at org.apache.catalina.core.StandardContextValve.invoke(StandardContextValve.java:97)
	at org.apache.catalina.authenticator.AuthenticatorBase.invoke(AuthenticatorBase.java:542)
	at org.apache.catalina.core.StandardHostValve.invoke(StandardHostValve.java:143)
	at org.apache.catalina.valves.ErrorReportValve.invoke(ErrorReportValve.java:92)
	at org.apache.catalina.core.StandardEngineValve.invoke(StandardEngineValve.java:78)
	at org.apache.catalina.connector.CoyoteAdapter.service(CoyoteAdapter.java:357)
	at org.apache.coyote.http11.Http11Processor.service(Http11Processor.java:382)
	at org.apache.coyote.AbstractProcessorLight.process(AbstractProcessorLight.java:65)
	at org.apache.coyote.AbstractProtocol$ConnectionHandler.process(AbstractProtocol.java:893)
	at org.apache.tomcat.util.net.NioEndpoint$SocketProcessor.doRun(NioEndpoint.java:1723)
	at org.apache.tomcat.util.net.SocketProcessorBase.run(SocketProcessorBase.java:49)
	at java.util.concurrent.ThreadPoolExecutor.runWorker(ThreadPoolExecutor.java:1149)
	at java.util.concurrent.ThreadPoolExecutor$Worker.run(ThreadPoolExecutor.java:624)
	at org.apache.tomcat.util.threads.TaskThread$WrappingRunnable.run(TaskThread.java:61)
	at java.lang.Thread.run(Thread.java:748)
2021-07-23 11:16:02 ERROR http-nio-8080-exec-4 DirectJDKLog - Servlet.service() for servlet [dispatcherServlet] in context with path [] threw exception [Request processing failed; nested exception is java.lang.NullPointerException] with root cause
java.lang.NullPointerException: null
	at com.airtel.ytl.service.FileWriterClass.writeFile(FileWriterClass.java:23)
	at com.airtel.ytl.controller.HomeController.writeInFile(HomeController.java:78)
	at sun.reflect.NativeMethodAccessorImpl.invoke0(Native Method)
	at sun.reflect.NativeMethodAccessorImpl.invoke(NativeMethodAccessorImpl.java:62)
	at sun.reflect.DelegatingMethodAccessorImpl.invoke(DelegatingMethodAccessorImpl.java:43)
	at java.lang.reflect.Method.invoke(Method.java:498)
	at org.springframework.web.method.support.InvocableHandlerMethod.doInvoke(InvocableHandlerMethod.java:197)
	at org.springframework.web.method.support.InvocableHandlerMethod.invokeForRequest(InvocableHandlerMethod.java:141)
	at org.springframework.web.servlet.mvc.method.annotation.ServletInvocableHandlerMethod.invokeAndHandle(ServletInvocableHandlerMethod.java:106)
	at org.springframework.web.servlet.mvc.method.annotation.RequestMappingHandlerAdapter.invokeHandlerMethod(RequestMappingHandlerAdapter.java:894)
	at org.springframework.web.servlet.mvc.method.annotation.RequestMappingHandlerAdapter.handleInternal(RequestMappingHandlerAdapter.java:808)
	at org.springframework.web.servlet.mvc.method.AbstractHandlerMethodAdapter.handle(AbstractHandlerMethodAdapter.java:87)
	at org.springframework.web.servlet.DispatcherServlet.doDispatch(DispatcherServlet.java:1063)
	at org.springframework.web.servlet.DispatcherServlet.doService(DispatcherServlet.java:963)
	at org.springframework.web.servlet.FrameworkServlet.processRequest(FrameworkServlet.java:1006)
	at org.springframework.web.servlet.FrameworkServlet.doPost(FrameworkServlet.java:909)
	at javax.servlet.http.HttpServlet.service(HttpServlet.java:681)
	at org.springframework.web.servlet.FrameworkServlet.service(FrameworkServlet.java:883)
	at javax.servlet.http.HttpServlet.service(HttpServlet.java:764)
	at org.apache.catalina.core.ApplicationFilterChain.internalDoFilter(ApplicationFilterChain.java:228)
	at org.apache.catalina.core.ApplicationFilterChain.doFilter(ApplicationFilterChain.java:163)
	at org.apache.tomcat.websocket.server.WsFilter.doFilter(WsFilter.java:53)
	at org.apache.catalina.core.ApplicationFilterChain.internalDoFilter(ApplicationFilterChain.java:190)
	at org.apache.catalina.core.ApplicationFilterChain.doFilter(ApplicationFilterChain.java:163)
	at org.springframework.web.filter.RequestContextFilter.doFilterInternal(RequestContextFilter.java:100)
	at org.springframework.web.filter.OncePerRequestFilter.doFilter(OncePerRequestFilter.java:119)
	at org.apache.catalina.core.ApplicationFilterChain.internalDoFilter(ApplicationFilterChain.java:190)
	at org.apache.catalina.core.ApplicationFilterChain.doFilter(ApplicationFilterChain.java:163)
	at org.springframework.web.filter.FormContentFilter.doFilterInternal(FormContentFilter.java:93)
	at org.springframework.web.filter.OncePerRequestFilter.doFilter(OncePerRequestFilter.java:119)
	at org.apache.catalina.core.ApplicationFilterChain.internalDoFilter(ApplicationFilterChain.java:190)
	at org.apache.catalina.core.ApplicationFilterChain.doFilter(ApplicationFilterChain.java:163)
	at org.springframework.web.filter.CharacterEncodingFilter.doFilterInternal(CharacterEncodingFilter.java:201)
	at org.springframework.web.filter.OncePerRequestFilter.doFilter(OncePerRequestFilter.java:119)
	at org.apache.catalina.core.ApplicationFilterChain.internalDoFilter(ApplicationFilterChain.java:190)
	at org.apache.catalina.core.ApplicationFilterChain.doFilter(ApplicationFilterChain.java:163)
	at org.apache.catalina.core.StandardWrapperValve.invoke(StandardWrapperValve.java:202)
	at org.apache.catalina.core.StandardContextValve.invoke(StandardContextValve.java:97)
	at org.apache.catalina.authenticator.AuthenticatorBase.invoke(AuthenticatorBase.java:542)
	at org.apache.catalina.core.StandardHostValve.invoke(StandardHostValve.java:143)
	at org.apache.catalina.valves.ErrorReportValve.invoke(ErrorReportValve.java:92)
	at org.apache.catalina.core.StandardEngineValve.invoke(StandardEngineValve.java:78)
	at org.apache.catalina.connector.CoyoteAdapter.service(CoyoteAdapter.java:357)
	at org.apache.coyote.http11.Http11Processor.service(Http11Processor.java:382)
	at org.apache.coyote.AbstractProcessorLight.process(AbstractProcessorLight.java:65)
	at org.apache.coyote.AbstractProtocol$ConnectionHandler.process(AbstractProtocol.java:893)
	at org.apache.tomcat.util.net.NioEndpoint$SocketProcessor.doRun(NioEndpoint.java:1723)
	at org.apache.tomcat.util.net.SocketProcessorBase.run(SocketProcessorBase.java:49)
	at java.util.concurrent.ThreadPoolExecutor.runWorker(ThreadPoolExecutor.java:1149)
	at java.util.concurrent.ThreadPoolExecutor$Worker.run(ThreadPoolExecutor.java:624)
	at org.apache.tomcat.util.threads.TaskThread$WrappingRunnable.run(TaskThread.java:61)
	at java.lang.Thread.run(Thread.java:748)
2021-07-23 11:18:44 ERROR http-nio-8080-exec-6 DirectJDKLog - Servlet.service() for servlet [dispatcherServlet] in context with path [] threw exception [Request processing failed; nested exception is java.lang.NullPointerException] with root cause
java.lang.NullPointerException: null
	at com.airtel.ytl.service.FileWriterClass.writeFile(FileWriterClass.java:23)
	at com.airtel.ytl.controller.HomeController.writeInFile(HomeController.java:78)
	at sun.reflect.NativeMethodAccessorImpl.invoke0(Native Method)
	at sun.reflect.NativeMethodAccessorImpl.invoke(NativeMethodAccessorImpl.java:62)
	at sun.reflect.DelegatingMethodAccessorImpl.invoke(DelegatingMethodAccessorImpl.java:43)
	at java.lang.reflect.Method.invoke(Method.java:498)
	at org.springframework.web.method.support.InvocableHandlerMethod.doInvoke(InvocableHandlerMethod.java:197)
	at org.springframework.web.method.support.InvocableHandlerMethod.invokeForRequest(InvocableHandlerMethod.java:141)
	at org.springframework.web.servlet.mvc.method.annotation.ServletInvocableHandlerMethod.invokeAndHandle(ServletInvocableHandlerMethod.java:106)
	at org.springframework.web.servlet.mvc.method.annotation.RequestMappingHandlerAdapter.invokeHandlerMethod(RequestMappingHandlerAdapter.java:894)
	at org.springframework.web.servlet.mvc.method.annotation.RequestMappingHandlerAdapter.handleInternal(RequestMappingHandlerAdapter.java:808)
	at org.springframework.web.servlet.mvc.method.AbstractHandlerMethodAdapter.handle(AbstractHandlerMethodAdapter.java:87)
	at org.springframework.web.servlet.DispatcherServlet.doDispatch(DispatcherServlet.java:1063)
	at org.springframework.web.servlet.DispatcherServlet.doService(DispatcherServlet.java:963)
	at org.springframework.web.servlet.FrameworkServlet.processRequest(FrameworkServlet.java:1006)
	at org.springframework.web.servlet.FrameworkServlet.doPost(FrameworkServlet.java:909)
	at javax.servlet.http.HttpServlet.service(HttpServlet.java:681)
	at org.springframework.web.servlet.FrameworkServlet.service(FrameworkServlet.java:883)
	at javax.servlet.http.HttpServlet.service(HttpServlet.java:764)
	at org.apache.catalina.core.ApplicationFilterChain.internalDoFilter(ApplicationFilterChain.java:228)
	at org.apache.catalina.core.ApplicationFilterChain.doFilter(ApplicationFilterChain.java:163)
	at org.apache.tomcat.websocket.server.WsFilter.doFilter(WsFilter.java:53)
	at org.apache.catalina.core.ApplicationFilterChain.internalDoFilter(ApplicationFilterChain.java:190)
	at org.apache.catalina.core.ApplicationFilterChain.doFilter(ApplicationFilterChain.java:163)
	at org.springframework.web.filter.RequestContextFilter.doFilterInternal(RequestContextFilter.java:100)
	at org.springframework.web.filter.OncePerRequestFilter.doFilter(OncePerRequestFilter.java:119)
	at org.apache.catalina.core.ApplicationFilterChain.internalDoFilter(ApplicationFilterChain.java:190)
	at org.apache.catalina.core.ApplicationFilterChain.doFilter(ApplicationFilterChain.java:163)
	at org.springframework.web.filter.FormContentFilter.doFilterInternal(FormContentFilter.java:93)
	at org.springframework.web.filter.OncePerRequestFilter.doFilter(OncePerRequestFilter.java:119)
	at org.apache.catalina.core.ApplicationFilterChain.internalDoFilter(ApplicationFilterChain.java:190)
	at org.apache.catalina.core.ApplicationFilterChain.doFilter(ApplicationFilterChain.java:163)
	at org.springframework.web.filter.CharacterEncodingFilter.doFilterInternal(CharacterEncodingFilter.java:201)
	at org.springframework.web.filter.OncePerRequestFilter.doFilter(OncePerRequestFilter.java:119)
	at org.apache.catalina.core.ApplicationFilterChain.internalDoFilter(ApplicationFilterChain.java:190)
	at org.apache.catalina.core.ApplicationFilterChain.doFilter(ApplicationFilterChain.java:163)
	at org.apache.catalina.core.StandardWrapperValve.invoke(StandardWrapperValve.java:202)
	at org.apache.catalina.core.StandardContextValve.invoke(StandardContextValve.java:97)
	at org.apache.catalina.authenticator.AuthenticatorBase.invoke(AuthenticatorBase.java:542)
	at org.apache.catalina.core.StandardHostValve.invoke(StandardHostValve.java:143)
	at org.apache.catalina.valves.ErrorReportValve.invoke(ErrorReportValve.java:92)
	at org.apache.catalina.core.StandardEngineValve.invoke(StandardEngineValve.java:78)
	at org.apache.catalina.connector.CoyoteAdapter.service(CoyoteAdapter.java:357)
	at org.apache.coyote.http11.Http11Processor.service(Http11Processor.java:382)
	at org.apache.coyote.AbstractProcessorLight.process(AbstractProcessorLight.java:65)
	at org.apache.coyote.AbstractProtocol$ConnectionHandler.process(AbstractProtocol.java:893)
	at org.apache.tomcat.util.net.NioEndpoint$SocketProcessor.doRun(NioEndpoint.java:1723)
	at org.apache.tomcat.util.net.SocketProcessorBase.run(SocketProcessorBase.java:49)
	at java.util.concurrent.ThreadPoolExecutor.runWorker(ThreadPoolExecutor.java:1149)
	at java.util.concurrent.ThreadPoolExecutor$Worker.run(ThreadPoolExecutor.java:624)
	at org.apache.tomcat.util.threads.TaskThread$WrappingRunnable.run(TaskThread.java:61)
	at java.lang.Thread.run(Thread.java:748)
2021-07-23 11:19:42 ERROR http-nio-8080-exec-5 DirectJDKLog - Servlet.service() for servlet [dispatcherServlet] in context with path [] threw exception [Request processing failed; nested exception is java.lang.NullPointerException] with root cause
java.lang.NullPointerException: null
	at com.airtel.ytl.service.FileWriterClass.writeFile(FileWriterClass.java:23)
	at com.airtel.ytl.controller.HomeController.writeInFile(HomeController.java:78)
	at sun.reflect.NativeMethodAccessorImpl.invoke0(Native Method)
	at sun.reflect.NativeMethodAccessorImpl.invoke(NativeMethodAccessorImpl.java:62)
	at sun.reflect.DelegatingMethodAccessorImpl.invoke(DelegatingMethodAccessorImpl.java:43)
	at java.lang.reflect.Method.invoke(Method.java:498)
	at org.springframework.web.method.support.InvocableHandlerMethod.doInvoke(InvocableHandlerMethod.java:197)
	at org.springframework.web.method.support.InvocableHandlerMethod.invokeForRequest(InvocableHandlerMethod.java:141)
	at org.springframework.web.servlet.mvc.method.annotation.ServletInvocableHandlerMethod.invokeAndHandle(ServletInvocableHandlerMethod.java:106)
	at org.springframework.web.servlet.mvc.method.annotation.RequestMappingHandlerAdapter.invokeHandlerMethod(RequestMappingHandlerAdapter.java:894)
	at org.springframework.web.servlet.mvc.method.annotation.RequestMappingHandlerAdapter.handleInternal(RequestMappingHandlerAdapter.java:808)
	at org.springframework.web.servlet.mvc.method.AbstractHandlerMethodAdapter.handle(AbstractHandlerMethodAdapter.java:87)
	at org.springframework.web.servlet.DispatcherServlet.doDispatch(DispatcherServlet.java:1063)
	at org.springframework.web.servlet.DispatcherServlet.doService(DispatcherServlet.java:963)
	at org.springframework.web.servlet.FrameworkServlet.processRequest(FrameworkServlet.java:1006)
	at org.springframework.web.servlet.FrameworkServlet.doPost(FrameworkServlet.java:909)
	at javax.servlet.http.HttpServlet.service(HttpServlet.java:681)
	at org.springframework.web.servlet.FrameworkServlet.service(FrameworkServlet.java:883)
	at javax.servlet.http.HttpServlet.service(HttpServlet.java:764)
	at org.apache.catalina.core.ApplicationFilterChain.internalDoFilter(ApplicationFilterChain.java:228)
	at org.apache.catalina.core.ApplicationFilterChain.doFilter(ApplicationFilterChain.java:163)
	at org.apache.tomcat.websocket.server.WsFilter.doFilter(WsFilter.java:53)
	at org.apache.catalina.core.ApplicationFilterChain.internalDoFilter(ApplicationFilterChain.java:190)
	at org.apache.catalina.core.ApplicationFilterChain.doFilter(ApplicationFilterChain.java:163)
	at org.springframework.web.filter.RequestContextFilter.doFilterInternal(RequestContextFilter.java:100)
	at org.springframework.web.filter.OncePerRequestFilter.doFilter(OncePerRequestFilter.java:119)
	at org.apache.catalina.core.ApplicationFilterChain.internalDoFilter(ApplicationFilterChain.java:190)
	at org.apache.catalina.core.ApplicationFilterChain.doFilter(ApplicationFilterChain.java:163)
	at org.springframework.web.filter.FormContentFilter.doFilterInternal(FormContentFilter.java:93)
	at org.springframework.web.filter.OncePerRequestFilter.doFilter(OncePerRequestFilter.java:119)
	at org.apache.catalina.core.ApplicationFilterChain.internalDoFilter(ApplicationFilterChain.java:190)
	at org.apache.catalina.core.ApplicationFilterChain.doFilter(ApplicationFilterChain.java:163)
	at org.springframework.web.filter.CharacterEncodingFilter.doFilterInternal(CharacterEncodingFilter.java:201)
	at org.springframework.web.filter.OncePerRequestFilter.doFilter(OncePerRequestFilter.java:119)
	at org.apache.catalina.core.ApplicationFilterChain.internalDoFilter(ApplicationFilterChain.java:190)
	at org.apache.catalina.core.ApplicationFilterChain.doFilter(ApplicationFilterChain.java:163)
	at org.apache.catalina.core.StandardWrapperValve.invoke(StandardWrapperValve.java:202)
	at org.apache.catalina.core.StandardContextValve.invoke(StandardContextValve.java:97)
	at org.apache.catalina.authenticator.AuthenticatorBase.invoke(AuthenticatorBase.java:542)
	at org.apache.catalina.core.StandardHostValve.invoke(StandardHostValve.java:143)
	at org.apache.catalina.valves.ErrorReportValve.invoke(ErrorReportValve.java:92)
	at org.apache.catalina.core.StandardEngineValve.invoke(StandardEngineValve.java:78)
	at org.apache.catalina.connector.CoyoteAdapter.service(CoyoteAdapter.java:357)
	at org.apache.coyote.http11.Http11Processor.service(Http11Processor.java:382)
	at org.apache.coyote.AbstractProcessorLight.process(AbstractProcessorLight.java:65)
	at org.apache.coyote.AbstractProtocol$ConnectionHandler.process(AbstractProtocol.java:893)
	at org.apache.tomcat.util.net.NioEndpoint$SocketProcessor.doRun(NioEndpoint.java:1723)
	at org.apache.tomcat.util.net.SocketProcessorBase.run(SocketProcessorBase.java:49)
	at java.util.concurrent.ThreadPoolExecutor.runWorker(ThreadPoolExecutor.java:1149)
	at java.util.concurrent.ThreadPoolExecutor$Worker.run(ThreadPoolExecutor.java:624)
	at org.apache.tomcat.util.threads.TaskThread$WrappingRunnable.run(TaskThread.java:61)
	at java.lang.Thread.run(Thread.java:748)
2021-07-23 11:20:27 WARN  http-nio-8080-exec-10 AbstractHandlerExceptionResolver - Resolved [org.springframework.http.converter.HttpMessageNotReadableException: JSON parse error: Unexpected character '{' (code 123) in prolog; expected '<'
 at [row,col {unknown-source}]: [1,1]; nested exception is com.fasterxml.jackson.core.JsonParseException: Unexpected character '{' (code 123) in prolog; expected '<'
 at [row,col {unknown-source}]: [1,1]]
2021-07-23 11:20:34 WARN  http-nio-8080-exec-3 AbstractHandlerExceptionResolver - Resolved [org.springframework.http.converter.HttpMessageNotReadableException: JSON parse error: Unexpected character '{' (code 123) in prolog; expected '<'
 at [row,col {unknown-source}]: [1,1]; nested exception is com.fasterxml.jackson.core.JsonParseException: Unexpected character '{' (code 123) in prolog; expected '<'
 at [row,col {unknown-source}]: [1,1]]
2021-07-23 11:20:46 INFO  http-nio-8080-exec-4 FileWriterClass - Data is saved successfully
2021-07-23 11:21:13 WARN  http-nio-8080-exec-8 AbstractHandlerExceptionResolver - Resolved [org.springframework.http.converter.HttpMessageNotReadableException: JSON parse error: Cannot construct instance of `java.util.ArrayList` (although at least one Creator exists): no String-argument constructor/factory method to deserialize from String value ('1'); nested exception is com.fasterxml.jackson.databind.exc.MismatchedInputException: Cannot construct instance of `java.util.ArrayList` (although at least one Creator exists): no String-argument constructor/factory method to deserialize from String value ('1')
 at [Source: (PushbackInputStream); line: 4, column: 12] (through reference chain: com.airtel.ytl.dto.SaveInFileRequest["matrix"]->java.util.ArrayList[0])]
2021-07-23 11:21:37 WARN  http-nio-8080-exec-7 AbstractHandlerExceptionResolver - Resolved [org.springframework.http.converter.HttpMessageNotReadableException: JSON parse error: Cannot construct instance of `java.util.ArrayList` (although at least one Creator exists): no String-argument constructor/factory method to deserialize from String value ('1'); nested exception is com.fasterxml.jackson.databind.exc.MismatchedInputException: Cannot construct instance of `java.util.ArrayList` (although at least one Creator exists): no String-argument constructor/factory method to deserialize from String value ('1')
 at [Source: (PushbackInputStream); line: 4, column: 12] (through reference chain: com.airtel.ytl.dto.SaveInFileRequest["matrix"]->java.util.ArrayList[0])]
2021-07-23 11:22:16 WARN  http-nio-8080-exec-9 AbstractHandlerExceptionResolver - Resolved [org.springframework.http.converter.HttpMessageNotReadableException: JSON parse error: Cannot construct instance of `java.util.ArrayList` (although at least one Creator exists): no String-argument constructor/factory method to deserialize from String value ('"1"'); nested exception is com.fasterxml.jackson.databind.exc.MismatchedInputException: Cannot construct instance of `java.util.ArrayList` (although at least one Creator exists): no String-argument constructor/factory method to deserialize from String value ('"1"')
 at [Source: (PushbackInputStream); line: 4, column: 14] (through reference chain: com.airtel.ytl.dto.SaveInFileRequest["matrix"]->java.util.ArrayList[0])]
2021-07-23 11:23:21 WARN  http-nio-8080-exec-1 AbstractHandlerExceptionResolver - Resolved [org.springframework.http.converter.HttpMessageNotReadableException: JSON parse error: Cannot construct instance of `java.util.ArrayList` (although at least one Creator exists): no String-argument constructor/factory method to deserialize from String value ('My'); nested exception is com.fasterxml.jackson.databind.exc.MismatchedInputException: Cannot construct instance of `java.util.ArrayList` (although at least one Creator exists): no String-argument constructor/factory method to deserialize from String value ('My')
 at [Source: (PushbackInputStream); line: 4, column: 13] (through reference chain: com.airtel.ytl.dto.SaveInFileRequest["matrix"]->java.util.ArrayList[0])]
2021-07-23 12:12:17 INFO  main StartupInfoLogger - Starting YtlApplication using Java 1.8.0_291 on LTB0225291 with PID 11056 (C:\Users\b0225291\Desktop\API Learning\spring-boot-learner\target\classes started by B0225291 in C:\Users\b0225291\Desktop\API Learning\spring-boot-learner)
2021-07-23 12:12:17 INFO  main SpringApplication - No active profile set, falling back to default profiles: default
2021-07-23 12:12:19 INFO  main TomcatWebServer - Tomcat initialized with port(s): 8080 (http)
2021-07-23 12:12:19 INFO  main DirectJDKLog - Initializing ProtocolHandler ["http-nio-8080"]
2021-07-23 12:12:19 INFO  main DirectJDKLog - Starting service [Tomcat]
2021-07-23 12:12:19 INFO  main DirectJDKLog - Starting Servlet engine: [Apache Tomcat/9.0.48]
2021-07-23 12:12:19 INFO  main DirectJDKLog - Initializing Spring embedded WebApplicationContext
2021-07-23 12:12:19 INFO  main ServletWebServerApplicationContext - Root WebApplicationContext: initialization completed in 1759 ms
2021-07-23 12:12:19 INFO  main DirectJDKLog - Starting ProtocolHandler ["http-nio-8080"]
2021-07-23 12:12:19 INFO  main TomcatWebServer - Tomcat started on port(s): 8080 (http) with context path ''
2021-07-23 12:12:19 INFO  main StartupInfoLogger - Started YtlApplication in 3.101 seconds (JVM running for 4.579)
2021-07-23 12:12:24 INFO  http-nio-8080-exec-2 DirectJDKLog - Initializing Spring DispatcherServlet 'dispatcherServlet'
2021-07-23 12:12:24 INFO  http-nio-8080-exec-2 FrameworkServlet - Initializing Servlet 'dispatcherServlet'
2021-07-23 12:12:24 INFO  http-nio-8080-exec-2 FrameworkServlet - Completed initialization in 0 ms
2021-07-23 12:12:24 ERROR http-nio-8080-exec-2 DirectJDKLog - Servlet.service() for servlet [dispatcherServlet] in context with path [] threw exception [Request processing failed; nested exception is org.springframework.http.converter.HttpMessageConversionException: Type definition error: [simple type, class com.airtel.ytl.dto.SaveInFileRequest]; nested exception is com.fasterxml.jackson.databind.exc.InvalidDefinitionException: Cannot construct instance of `com.airtel.ytl.dto.SaveInFileRequest` (no Creators, like default constructor, exist): cannot deserialize from Object value (no delegate- or property-based Creator)
 at [Source: (PushbackInputStream); line: 3, column: 3]] with root cause
com.fasterxml.jackson.databind.exc.InvalidDefinitionException: Cannot construct instance of `com.airtel.ytl.dto.SaveInFileRequest` (no Creators, like default constructor, exist): cannot deserialize from Object value (no delegate- or property-based Creator)
 at [Source: (PushbackInputStream); line: 3, column: 3]
	at com.fasterxml.jackson.databind.exc.InvalidDefinitionException.from(InvalidDefinitionException.java:67)
	at com.fasterxml.jackson.databind.DeserializationContext.reportBadDefinition(DeserializationContext.java:1764)
	at com.fasterxml.jackson.databind.DatabindContext.reportBadDefinition(DatabindContext.java:400)
	at com.fasterxml.jackson.databind.DeserializationContext.handleMissingInstantiator(DeserializationContext.java:1209)
	at com.fasterxml.jackson.databind.deser.BeanDeserializerBase.deserializeFromObjectUsingNonDefault(BeanDeserializerBase.java:1415)
	at com.fasterxml.jackson.databind.deser.BeanDeserializer.deserializeFromObject(BeanDeserializer.java:362)
	at com.fasterxml.jackson.databind.deser.BeanDeserializer.deserialize(BeanDeserializer.java:195)
	at com.fasterxml.jackson.dataformat.xml.deser.XmlDeserializationContext.readRootValue(XmlDeserializationContext.java:91)
	at com.fasterxml.jackson.databind.ObjectMapper._readMapAndClose(ObjectMapper.java:4593)
	at com.fasterxml.jackson.databind.ObjectMapper.readValue(ObjectMapper.java:3601)
	at org.springframework.http.converter.json.AbstractJackson2HttpMessageConverter.readJavaType(AbstractJackson2HttpMessageConverter.java:378)
	at org.springframework.http.converter.json.AbstractJackson2HttpMessageConverter.read(AbstractJackson2HttpMessageConverter.java:342)
	at org.springframework.web.servlet.mvc.method.annotation.AbstractMessageConverterMethodArgumentResolver.readWithMessageConverters(AbstractMessageConverterMethodArgumentResolver.java:185)
	at org.springframework.web.servlet.mvc.method.annotation.RequestResponseBodyMethodProcessor.readWithMessageConverters(RequestResponseBodyMethodProcessor.java:158)
	at org.springframework.web.servlet.mvc.method.annotation.RequestResponseBodyMethodProcessor.resolveArgument(RequestResponseBodyMethodProcessor.java:131)
	at org.springframework.web.method.support.HandlerMethodArgumentResolverComposite.resolveArgument(HandlerMethodArgumentResolverComposite.java:121)
	at org.springframework.web.method.support.InvocableHandlerMethod.getMethodArgumentValues(InvocableHandlerMethod.java:170)
	at org.springframework.web.method.support.InvocableHandlerMethod.invokeForRequest(InvocableHandlerMethod.java:137)
	at org.springframework.web.servlet.mvc.method.annotation.ServletInvocableHandlerMethod.invokeAndHandle(ServletInvocableHandlerMethod.java:106)
	at org.springframework.web.servlet.mvc.method.annotation.RequestMappingHandlerAdapter.invokeHandlerMethod(RequestMappingHandlerAdapter.java:894)
	at org.springframework.web.servlet.mvc.method.annotation.RequestMappingHandlerAdapter.handleInternal(RequestMappingHandlerAdapter.java:808)
	at org.springframework.web.servlet.mvc.method.AbstractHandlerMethodAdapter.handle(AbstractHandlerMethodAdapter.java:87)
	at org.springframework.web.servlet.DispatcherServlet.doDispatch(DispatcherServlet.java:1063)
	at org.springframework.web.servlet.DispatcherServlet.doService(DispatcherServlet.java:963)
	at org.springframework.web.servlet.FrameworkServlet.processRequest(FrameworkServlet.java:1006)
	at org.springframework.web.servlet.FrameworkServlet.doPost(FrameworkServlet.java:909)
	at javax.servlet.http.HttpServlet.service(HttpServlet.java:681)
	at org.springframework.web.servlet.FrameworkServlet.service(FrameworkServlet.java:883)
	at javax.servlet.http.HttpServlet.service(HttpServlet.java:764)
	at org.apache.catalina.core.ApplicationFilterChain.internalDoFilter(ApplicationFilterChain.java:228)
	at org.apache.catalina.core.ApplicationFilterChain.doFilter(ApplicationFilterChain.java:163)
	at org.apache.tomcat.websocket.server.WsFilter.doFilter(WsFilter.java:53)
	at org.apache.catalina.core.ApplicationFilterChain.internalDoFilter(ApplicationFilterChain.java:190)
	at org.apache.catalina.core.ApplicationFilterChain.doFilter(ApplicationFilterChain.java:163)
	at org.springframework.web.filter.RequestContextFilter.doFilterInternal(RequestContextFilter.java:100)
	at org.springframework.web.filter.OncePerRequestFilter.doFilter(OncePerRequestFilter.java:119)
	at org.apache.catalina.core.ApplicationFilterChain.internalDoFilter(ApplicationFilterChain.java:190)
	at org.apache.catalina.core.ApplicationFilterChain.doFilter(ApplicationFilterChain.java:163)
	at org.springframework.web.filter.FormContentFilter.doFilterInternal(FormContentFilter.java:93)
	at org.springframework.web.filter.OncePerRequestFilter.doFilter(OncePerRequestFilter.java:119)
	at org.apache.catalina.core.ApplicationFilterChain.internalDoFilter(ApplicationFilterChain.java:190)
	at org.apache.catalina.core.ApplicationFilterChain.doFilter(ApplicationFilterChain.java:163)
	at org.springframework.web.filter.CharacterEncodingFilter.doFilterInternal(CharacterEncodingFilter.java:201)
	at org.springframework.web.filter.OncePerRequestFilter.doFilter(OncePerRequestFilter.java:119)
	at org.apache.catalina.core.ApplicationFilterChain.internalDoFilter(ApplicationFilterChain.java:190)
	at org.apache.catalina.core.ApplicationFilterChain.doFilter(ApplicationFilterChain.java:163)
	at org.apache.catalina.core.StandardWrapperValve.invoke(StandardWrapperValve.java:202)
	at org.apache.catalina.core.StandardContextValve.invoke(StandardContextValve.java:97)
	at org.apache.catalina.authenticator.AuthenticatorBase.invoke(AuthenticatorBase.java:542)
	at org.apache.catalina.core.StandardHostValve.invoke(StandardHostValve.java:143)
	at org.apache.catalina.valves.ErrorReportValve.invoke(ErrorReportValve.java:92)
	at org.apache.catalina.core.StandardEngineValve.invoke(StandardEngineValve.java:78)
	at org.apache.catalina.connector.CoyoteAdapter.service(CoyoteAdapter.java:357)
	at org.apache.coyote.http11.Http11Processor.service(Http11Processor.java:382)
	at org.apache.coyote.AbstractProcessorLight.process(AbstractProcessorLight.java:65)
	at org.apache.coyote.AbstractProtocol$ConnectionHandler.process(AbstractProtocol.java:893)
	at org.apache.tomcat.util.net.NioEndpoint$SocketProcessor.doRun(NioEndpoint.java:1723)
	at org.apache.tomcat.util.net.SocketProcessorBase.run(SocketProcessorBase.java:49)
	at java.util.concurrent.ThreadPoolExecutor.runWorker(ThreadPoolExecutor.java:1149)
	at java.util.concurrent.ThreadPoolExecutor$Worker.run(ThreadPoolExecutor.java:624)
	at org.apache.tomcat.util.threads.TaskThread$WrappingRunnable.run(TaskThread.java:61)
	at java.lang.Thread.run(Thread.java:748)
2021-07-23 12:14:40 INFO  main StartupInfoLogger - Starting YtlApplication using Java 1.8.0_291 on LTB0225291 with PID 2412 (C:\Users\b0225291\Desktop\API Learning\spring-boot-learner\target\classes started by B0225291 in C:\Users\b0225291\Desktop\API Learning\spring-boot-learner)
2021-07-23 12:14:40 INFO  main SpringApplication - No active profile set, falling back to default profiles: default
2021-07-23 12:14:41 INFO  main TomcatWebServer - Tomcat initialized with port(s): 8080 (http)
2021-07-23 12:14:41 INFO  main DirectJDKLog - Initializing ProtocolHandler ["http-nio-8080"]
2021-07-23 12:14:41 INFO  main DirectJDKLog - Starting service [Tomcat]
2021-07-23 12:14:41 INFO  main DirectJDKLog - Starting Servlet engine: [Apache Tomcat/9.0.48]
2021-07-23 12:14:41 INFO  main DirectJDKLog - Initializing Spring embedded WebApplicationContext
2021-07-23 12:14:41 INFO  main ServletWebServerApplicationContext - Root WebApplicationContext: initialization completed in 873 ms
2021-07-23 12:14:42 INFO  main DirectJDKLog - Starting ProtocolHandler ["http-nio-8080"]
2021-07-23 12:14:42 INFO  main TomcatWebServer - Tomcat started on port(s): 8080 (http) with context path ''
2021-07-23 12:14:42 INFO  main StartupInfoLogger - Started YtlApplication in 1.609 seconds (JVM running for 2.326)
2021-07-23 12:14:45 INFO  http-nio-8080-exec-2 DirectJDKLog - Initializing Spring DispatcherServlet 'dispatcherServlet'
2021-07-23 12:14:45 INFO  http-nio-8080-exec-2 FrameworkServlet - Initializing Servlet 'dispatcherServlet'
2021-07-23 12:14:45 INFO  http-nio-8080-exec-2 FrameworkServlet - Completed initialization in 7 ms
2021-07-23 12:14:45 WARN  http-nio-8080-exec-2 AbstractHandlerExceptionResolver - Resolved [org.springframework.http.converter.HttpMessageNotReadableException: JSON parse error: Cannot construct instance of `java.util.ArrayList` (although at least one Creator exists): no String-argument constructor/factory method to deserialize from String value ('My'); nested exception is com.fasterxml.jackson.databind.exc.MismatchedInputException: Cannot construct instance of `java.util.ArrayList` (although at least one Creator exists): no String-argument constructor/factory method to deserialize from String value ('My')
 at [Source: (PushbackInputStream); line: 4, column: 13] (through reference chain: com.airtel.ytl.dto.SaveInFileRequest["matrix"]->java.util.ArrayList[0])]
2021-07-23 12:35:50 INFO  main StartupInfoLogger - Starting YtlApplication using Java 1.8.0_291 on LTB0225291 with PID 18508 (C:\Users\b0225291\Desktop\API Learning\spring-boot-learner\target\classes started by B0225291 in C:\Users\b0225291\Desktop\API Learning\spring-boot-learner)
2021-07-23 12:35:50 INFO  main SpringApplication - No active profile set, falling back to default profiles: default
2021-07-23 12:35:51 INFO  main TomcatWebServer - Tomcat initialized with port(s): 8080 (http)
2021-07-23 12:35:52 INFO  main DirectJDKLog - Initializing ProtocolHandler ["http-nio-8080"]
2021-07-23 12:35:52 INFO  main DirectJDKLog - Starting service [Tomcat]
2021-07-23 12:35:52 INFO  main DirectJDKLog - Starting Servlet engine: [Apache Tomcat/9.0.48]
2021-07-23 12:35:52 INFO  main DirectJDKLog - Initializing Spring embedded WebApplicationContext
2021-07-23 12:35:52 INFO  main ServletWebServerApplicationContext - Root WebApplicationContext: initialization completed in 1578 ms
2021-07-23 12:35:52 INFO  main DirectJDKLog - Starting ProtocolHandler ["http-nio-8080"]
2021-07-23 12:35:52 INFO  main TomcatWebServer - Tomcat started on port(s): 8080 (http) with context path ''
2021-07-23 12:35:52 INFO  main StartupInfoLogger - Started YtlApplication in 3.063 seconds (JVM running for 5.23)
2021-07-23 12:36:03 INFO  http-nio-8080-exec-1 DirectJDKLog - Initializing Spring DispatcherServlet 'dispatcherServlet'
2021-07-23 12:36:03 INFO  http-nio-8080-exec-1 FrameworkServlet - Initializing Servlet 'dispatcherServlet'
2021-07-23 12:36:03 INFO  http-nio-8080-exec-1 FrameworkServlet - Completed initialization in 0 ms
2021-07-23 12:36:03 WARN  http-nio-8080-exec-1 AbstractHandlerExceptionResolver - Resolved [org.springframework.http.converter.HttpMessageNotReadableException: JSON parse error: Cannot construct instance of `java.util.ArrayList` (although at least one Creator exists): no String-argument constructor/factory method to deserialize from String value ('My'); nested exception is com.fasterxml.jackson.databind.exc.MismatchedInputException: Cannot construct instance of `java.util.ArrayList` (although at least one Creator exists): no String-argument constructor/factory method to deserialize from String value ('My')
 at [Source: (PushbackInputStream); line: 4, column: 13] (through reference chain: com.airtel.ytl.dto.SaveInFileRequest["matrix"]->java.util.ArrayList[0])]
2021-07-23 12:48:43 INFO  main StartupInfoLogger - Starting YtlApplication using Java 1.8.0_291 on LTB0225291 with PID 15832 (C:\Users\b0225291\Desktop\API Learning\spring-boot-learner\target\classes started by B0225291 in C:\Users\b0225291\Desktop\API Learning\spring-boot-learner)
2021-07-23 12:48:43 INFO  main SpringApplication - No active profile set, falling back to default profiles: default
2021-07-23 12:48:44 INFO  main TomcatWebServer - Tomcat initialized with port(s): 8080 (http)
2021-07-23 12:48:44 INFO  main DirectJDKLog - Initializing ProtocolHandler ["http-nio-8080"]
2021-07-23 12:48:44 INFO  main DirectJDKLog - Starting service [Tomcat]
2021-07-23 12:48:44 INFO  main DirectJDKLog - Starting Servlet engine: [Apache Tomcat/9.0.48]
2021-07-23 12:48:44 INFO  main DirectJDKLog - Initializing Spring embedded WebApplicationContext
2021-07-23 12:48:44 INFO  main ServletWebServerApplicationContext - Root WebApplicationContext: initialization completed in 804 ms
2021-07-23 12:48:44 INFO  main DirectJDKLog - Starting ProtocolHandler ["http-nio-8080"]
2021-07-23 12:48:44 INFO  main TomcatWebServer - Tomcat started on port(s): 8080 (http) with context path ''
2021-07-23 12:48:44 INFO  main StartupInfoLogger - Started YtlApplication in 1.568 seconds (JVM running for 2.248)
2021-07-23 12:49:51 INFO  http-nio-8080-exec-1 DirectJDKLog - Initializing Spring DispatcherServlet 'dispatcherServlet'
2021-07-23 12:49:51 INFO  http-nio-8080-exec-1 FrameworkServlet - Initializing Servlet 'dispatcherServlet'
2021-07-23 12:49:51 INFO  http-nio-8080-exec-1 FrameworkServlet - Completed initialization in 1 ms
2021-07-23 12:49:51 WARN  http-nio-8080-exec-1 AbstractHandlerExceptionResolver - Resolved [org.springframework.http.converter.HttpMessageNotReadableException: JSON parse error: Cannot construct instance of `java.util.ArrayList` (although at least one Creator exists): no String-argument constructor/factory method to deserialize from String value ('My'); nested exception is com.fasterxml.jackson.databind.exc.MismatchedInputException: Cannot construct instance of `java.util.ArrayList` (although at least one Creator exists): no String-argument constructor/factory method to deserialize from String value ('My')
 at [Source: (PushbackInputStream); line: 4, column: 13] (through reference chain: com.airtel.ytl.dto.SaveInFileRequest["matrix"]->java.util.ArrayList[0])]
2021-07-23 12:51:23 INFO  main StartupInfoLogger - Starting YtlApplication using Java 1.8.0_291 on LTB0225291 with PID 20172 (C:\Users\b0225291\Desktop\API Learning\spring-boot-learner\target\classes started by B0225291 in C:\Users\b0225291\Desktop\API Learning\spring-boot-learner)
2021-07-23 12:51:23 INFO  main SpringApplication - No active profile set, falling back to default profiles: default
2021-07-23 12:51:24 INFO  main TomcatWebServer - Tomcat initialized with port(s): 8080 (http)
2021-07-23 12:51:24 INFO  main DirectJDKLog - Initializing ProtocolHandler ["http-nio-8080"]
2021-07-23 12:51:24 INFO  main DirectJDKLog - Starting service [Tomcat]
2021-07-23 12:51:24 INFO  main DirectJDKLog - Starting Servlet engine: [Apache Tomcat/9.0.48]
2021-07-23 12:51:24 INFO  main DirectJDKLog - Initializing Spring embedded WebApplicationContext
2021-07-23 12:51:24 INFO  main ServletWebServerApplicationContext - Root WebApplicationContext: initialization completed in 841 ms
2021-07-23 12:51:24 INFO  main DirectJDKLog - Starting ProtocolHandler ["http-nio-8080"]
2021-07-23 12:51:24 INFO  main TomcatWebServer - Tomcat started on port(s): 8080 (http) with context path ''
2021-07-23 12:51:24 INFO  main StartupInfoLogger - Started YtlApplication in 1.572 seconds (JVM running for 2.267)
2021-07-23 12:51:29 INFO  http-nio-8080-exec-1 DirectJDKLog - Initializing Spring DispatcherServlet 'dispatcherServlet'
2021-07-23 12:51:29 INFO  http-nio-8080-exec-1 FrameworkServlet - Initializing Servlet 'dispatcherServlet'
2021-07-23 12:51:29 INFO  http-nio-8080-exec-1 FrameworkServlet - Completed initialization in 6 ms
2021-07-23 12:51:29 WARN  http-nio-8080-exec-1 AbstractHandlerExceptionResolver - Resolved [org.springframework.web.HttpMediaTypeNotSupportedException: Content type 'application/xml;charset=UTF-8' not supported]
2021-07-23 12:51:44 WARN  http-nio-8080-exec-6 AbstractHandlerExceptionResolver - Resolved [org.springframework.web.HttpMediaTypeNotSupportedException: Content type 'application/xml;charset=UTF-8' not supported]
2021-07-23 14:04:33 INFO  main StartupInfoLogger - Starting YtlApplication using Java 1.8.0_291 on LTB0225291 with PID 16292 (C:\Users\b0225291\Desktop\API Learning\spring-boot-learner\target\classes started by B0225291 in C:\Users\b0225291\Desktop\API Learning\spring-boot-learner)
2021-07-23 14:04:33 INFO  main SpringApplication - No active profile set, falling back to default profiles: default
2021-07-23 14:04:34 INFO  main TomcatWebServer - Tomcat initialized with port(s): 8080 (http)
2021-07-23 14:04:34 INFO  main DirectJDKLog - Initializing ProtocolHandler ["http-nio-8080"]
2021-07-23 14:04:34 INFO  main DirectJDKLog - Starting service [Tomcat]
2021-07-23 14:04:34 INFO  main DirectJDKLog - Starting Servlet engine: [Apache Tomcat/9.0.48]
2021-07-23 14:04:34 INFO  main DirectJDKLog - Initializing Spring embedded WebApplicationContext
2021-07-23 14:04:34 INFO  main ServletWebServerApplicationContext - Root WebApplicationContext: initialization completed in 1557 ms
2021-07-23 14:04:35 INFO  main DirectJDKLog - Starting ProtocolHandler ["http-nio-8080"]
2021-07-23 14:04:35 INFO  main TomcatWebServer - Tomcat started on port(s): 8080 (http) with context path ''
2021-07-23 14:04:35 INFO  main StartupInfoLogger - Started YtlApplication in 3.067 seconds (JVM running for 4.416)
2021-07-23 14:05:03 INFO  http-nio-8080-exec-2 DirectJDKLog - Initializing Spring DispatcherServlet 'dispatcherServlet'
2021-07-23 14:05:03 INFO  http-nio-8080-exec-2 FrameworkServlet - Initializing Servlet 'dispatcherServlet'
2021-07-23 14:05:03 INFO  http-nio-8080-exec-2 FrameworkServlet - Completed initialization in 3 ms
2021-07-23 14:05:04 WARN  http-nio-8080-exec-2 AbstractHandlerExceptionResolver - Resolved [org.springframework.http.converter.HttpMessageNotReadableException: JSON parse error: Cannot construct instance of `java.util.ArrayList` (although at least one Creator exists): no String-argument constructor/factory method to deserialize from String value ('My'); nested exception is com.fasterxml.jackson.databind.exc.MismatchedInputException: Cannot construct instance of `java.util.ArrayList` (although at least one Creator exists): no String-argument constructor/factory method to deserialize from String value ('My')
 at [Source: (PushbackInputStream); line: 4, column: 13] (through reference chain: com.airtel.ytl.dto.SaveInFileRequest["matrix"]->java.util.ArrayList[0])]
2021-07-23 14:05:26 WARN  http-nio-8080-exec-4 AbstractHandlerExceptionResolver - Resolved [org.springframework.http.converter.HttpMessageNotReadableException: JSON parse error: Cannot construct instance of `java.util.ArrayList` (although at least one Creator exists): no String-argument constructor/factory method to deserialize from String value ('My'); nested exception is com.fasterxml.jackson.databind.exc.MismatchedInputException: Cannot construct instance of `java.util.ArrayList` (although at least one Creator exists): no String-argument constructor/factory method to deserialize from String value ('My')
 at [Source: (PushbackInputStream); line: 4, column: 13] (through reference chain: com.airtel.ytl.dto.SaveInFileRequest["matrix"]->java.util.ArrayList[0])]
2021-07-23 14:05:49 WARN  http-nio-8080-exec-8 AbstractHandlerExceptionResolver - Resolved [org.springframework.http.converter.HttpMessageNotReadableException: JSON parse error: Cannot construct instance of `java.util.ArrayList` (although at least one Creator exists): no String-argument constructor/factory method to deserialize from String value ('My'); nested exception is com.fasterxml.jackson.databind.exc.MismatchedInputException: Cannot construct instance of `java.util.ArrayList` (although at least one Creator exists): no String-argument constructor/factory method to deserialize from String value ('My')
 at [Source: (PushbackInputStream); line: 4, column: 13] (through reference chain: com.airtel.ytl.dto.SaveInFileRequest["matrix"]->java.util.ArrayList[0])]
2021-07-23 14:05:50 WARN  http-nio-8080-exec-6 AbstractHandlerExceptionResolver - Resolved [org.springframework.http.converter.HttpMessageNotReadableException: JSON parse error: Cannot construct instance of `java.util.ArrayList` (although at least one Creator exists): no String-argument constructor/factory method to deserialize from String value ('My'); nested exception is com.fasterxml.jackson.databind.exc.MismatchedInputException: Cannot construct instance of `java.util.ArrayList` (although at least one Creator exists): no String-argument constructor/factory method to deserialize from String value ('My')
 at [Source: (PushbackInputStream); line: 4, column: 13] (through reference chain: com.airtel.ytl.dto.SaveInFileRequest["matrix"]->java.util.ArrayList[0])]
2021-07-23 14:06:23 WARN  http-nio-8080-exec-7 AbstractHandlerExceptionResolver - Resolved [org.springframework.http.converter.HttpMessageNotReadableException: JSON parse error: Cannot construct instance of `java.util.ArrayList` (although at least one Creator exists): no String-argument constructor/factory method to deserialize from String value ('My'); nested exception is com.fasterxml.jackson.databind.exc.MismatchedInputException: Cannot construct instance of `java.util.ArrayList` (although at least one Creator exists): no String-argument constructor/factory method to deserialize from String value ('My')
 at [Source: (PushbackInputStream); line: 4, column: 13] (through reference chain: com.airtel.ytl.dto.SaveInFileRequest["matrix"]->java.util.ArrayList[0])]
2021-07-23 14:06:49 ERROR http-nio-8080-exec-2 DirectJDKLog - Servlet.service() for servlet [dispatcherServlet] in context with path [] threw exception [Request processing failed; nested exception is java.lang.NullPointerException] with root cause
java.lang.NullPointerException: null
	at com.airtel.ytl.service.FileWriterClass.writeFile(FileWriterClass.java:23)
	at com.airtel.ytl.controller.HomeController.writeInFile(HomeController.java:79)
	at sun.reflect.NativeMethodAccessorImpl.invoke0(Native Method)
	at sun.reflect.NativeMethodAccessorImpl.invoke(NativeMethodAccessorImpl.java:62)
	at sun.reflect.DelegatingMethodAccessorImpl.invoke(DelegatingMethodAccessorImpl.java:43)
	at java.lang.reflect.Method.invoke(Method.java:498)
	at org.springframework.web.method.support.InvocableHandlerMethod.doInvoke(InvocableHandlerMethod.java:197)
	at org.springframework.web.method.support.InvocableHandlerMethod.invokeForRequest(InvocableHandlerMethod.java:141)
	at org.springframework.web.servlet.mvc.method.annotation.ServletInvocableHandlerMethod.invokeAndHandle(ServletInvocableHandlerMethod.java:106)
	at org.springframework.web.servlet.mvc.method.annotation.RequestMappingHandlerAdapter.invokeHandlerMethod(RequestMappingHandlerAdapter.java:894)
	at org.springframework.web.servlet.mvc.method.annotation.RequestMappingHandlerAdapter.handleInternal(RequestMappingHandlerAdapter.java:808)
	at org.springframework.web.servlet.mvc.method.AbstractHandlerMethodAdapter.handle(AbstractHandlerMethodAdapter.java:87)
	at org.springframework.web.servlet.DispatcherServlet.doDispatch(DispatcherServlet.java:1063)
	at org.springframework.web.servlet.DispatcherServlet.doService(DispatcherServlet.java:963)
	at org.springframework.web.servlet.FrameworkServlet.processRequest(FrameworkServlet.java:1006)
	at org.springframework.web.servlet.FrameworkServlet.doPost(FrameworkServlet.java:909)
	at javax.servlet.http.HttpServlet.service(HttpServlet.java:681)
	at org.springframework.web.servlet.FrameworkServlet.service(FrameworkServlet.java:883)
	at javax.servlet.http.HttpServlet.service(HttpServlet.java:764)
	at org.apache.catalina.core.ApplicationFilterChain.internalDoFilter(ApplicationFilterChain.java:228)
	at org.apache.catalina.core.ApplicationFilterChain.doFilter(ApplicationFilterChain.java:163)
	at org.apache.tomcat.websocket.server.WsFilter.doFilter(WsFilter.java:53)
	at org.apache.catalina.core.ApplicationFilterChain.internalDoFilter(ApplicationFilterChain.java:190)
	at org.apache.catalina.core.ApplicationFilterChain.doFilter(ApplicationFilterChain.java:163)
	at org.springframework.web.filter.RequestContextFilter.doFilterInternal(RequestContextFilter.java:100)
	at org.springframework.web.filter.OncePerRequestFilter.doFilter(OncePerRequestFilter.java:119)
	at org.apache.catalina.core.ApplicationFilterChain.internalDoFilter(ApplicationFilterChain.java:190)
	at org.apache.catalina.core.ApplicationFilterChain.doFilter(ApplicationFilterChain.java:163)
	at org.springframework.web.filter.FormContentFilter.doFilterInternal(FormContentFilter.java:93)
	at org.springframework.web.filter.OncePerRequestFilter.doFilter(OncePerRequestFilter.java:119)
	at org.apache.catalina.core.ApplicationFilterChain.internalDoFilter(ApplicationFilterChain.java:190)
	at org.apache.catalina.core.ApplicationFilterChain.doFilter(ApplicationFilterChain.java:163)
	at org.springframework.web.filter.CharacterEncodingFilter.doFilterInternal(CharacterEncodingFilter.java:201)
	at org.springframework.web.filter.OncePerRequestFilter.doFilter(OncePerRequestFilter.java:119)
	at org.apache.catalina.core.ApplicationFilterChain.internalDoFilter(ApplicationFilterChain.java:190)
	at org.apache.catalina.core.ApplicationFilterChain.doFilter(ApplicationFilterChain.java:163)
	at org.apache.catalina.core.StandardWrapperValve.invoke(StandardWrapperValve.java:202)
	at org.apache.catalina.core.StandardContextValve.invoke(StandardContextValve.java:97)
	at org.apache.catalina.authenticator.AuthenticatorBase.invoke(AuthenticatorBase.java:542)
	at org.apache.catalina.core.StandardHostValve.invoke(StandardHostValve.java:143)
	at org.apache.catalina.valves.ErrorReportValve.invoke(ErrorReportValve.java:92)
	at org.apache.catalina.core.StandardEngineValve.invoke(StandardEngineValve.java:78)
	at org.apache.catalina.connector.CoyoteAdapter.service(CoyoteAdapter.java:357)
	at org.apache.coyote.http11.Http11Processor.service(Http11Processor.java:382)
	at org.apache.coyote.AbstractProcessorLight.process(AbstractProcessorLight.java:65)
	at org.apache.coyote.AbstractProtocol$ConnectionHandler.process(AbstractProtocol.java:893)
	at org.apache.tomcat.util.net.NioEndpoint$SocketProcessor.doRun(NioEndpoint.java:1723)
	at org.apache.tomcat.util.net.SocketProcessorBase.run(SocketProcessorBase.java:49)
	at java.util.concurrent.ThreadPoolExecutor.runWorker(ThreadPoolExecutor.java:1149)
	at java.util.concurrent.ThreadPoolExecutor$Worker.run(ThreadPoolExecutor.java:624)
	at org.apache.tomcat.util.threads.TaskThread$WrappingRunnable.run(TaskThread.java:61)
	at java.lang.Thread.run(Thread.java:748)
2021-07-23 14:07:12 WARN  http-nio-8080-exec-4 AbstractHandlerExceptionResolver - Resolved [org.springframework.http.converter.HttpMessageNotReadableException: JSON parse error: Cannot construct instance of `java.util.ArrayList` (although at least one Creator exists): no String-argument constructor/factory method to deserialize from String value ('My'); nested exception is com.fasterxml.jackson.databind.exc.MismatchedInputException: Cannot construct instance of `java.util.ArrayList` (although at least one Creator exists): no String-argument constructor/factory method to deserialize from String value ('My')
 at [Source: (PushbackInputStream); line: 4, column: 13] (through reference chain: com.airtel.ytl.dto.SaveInFileRequest["matrix"]->java.util.ArrayList[0])]
2021-07-23 17:27:41 INFO  main StartupInfoLogger - Starting YtlApplication using Java 1.8.0_291 on LTB0225291 with PID 8408 (C:\Users\b0225291\Desktop\API Learning\spring-boot-learner\target\classes started by B0225291 in C:\Users\b0225291\Desktop\API Learning\spring-boot-learner)
2021-07-23 17:27:41 INFO  main SpringApplication - No active profile set, falling back to default profiles: default
2021-07-23 17:27:44 INFO  main TomcatWebServer - Tomcat initialized with port(s): 8080 (http)
2021-07-23 17:27:44 INFO  main DirectJDKLog - Initializing ProtocolHandler ["http-nio-8080"]
2021-07-23 17:27:44 INFO  main DirectJDKLog - Starting service [Tomcat]
2021-07-23 17:27:44 INFO  main DirectJDKLog - Starting Servlet engine: [Apache Tomcat/9.0.48]
2021-07-23 17:27:44 INFO  main DirectJDKLog - Initializing Spring embedded WebApplicationContext
2021-07-23 17:27:44 INFO  main ServletWebServerApplicationContext - Root WebApplicationContext: initialization completed in 2918 ms
2021-07-23 17:27:45 INFO  main DirectJDKLog - Starting ProtocolHandler ["http-nio-8080"]
2021-07-23 17:27:45 INFO  main TomcatWebServer - Tomcat started on port(s): 8080 (http) with context path ''
2021-07-23 17:27:45 INFO  main StartupInfoLogger - Started YtlApplication in 5.025 seconds (JVM running for 8.714)
2021-07-23 17:27:54 INFO  http-nio-8080-exec-2 DirectJDKLog - Initializing Spring DispatcherServlet 'dispatcherServlet'
2021-07-23 17:27:54 INFO  http-nio-8080-exec-2 FrameworkServlet - Initializing Servlet 'dispatcherServlet'
2021-07-23 17:27:54 INFO  http-nio-8080-exec-2 FrameworkServlet - Completed initialization in 5 ms
2021-07-23 17:27:55 WARN  http-nio-8080-exec-2 AbstractHandlerExceptionResolver - Resolved [org.springframework.http.converter.HttpMessageNotReadableException: JSON parse error: Cannot construct instance of `java.util.ArrayList` (although at least one Creator exists): no String-argument constructor/factory method to deserialize from String value ('My'); nested exception is com.fasterxml.jackson.databind.exc.MismatchedInputException: Cannot construct instance of `java.util.ArrayList` (although at least one Creator exists): no String-argument constructor/factory method to deserialize from String value ('My')
 at [Source: (PushbackInputStream); line: 4, column: 13] (through reference chain: com.airtel.ytl.dto.SaveInFileRequest["matrix"]->java.util.ArrayList[0])]
